2025/07/05 17:35:25 | ERROR | Can't find /img/products/NaN on this server
Error: Can't find /img/products/NaN on this server
    at D:\Interns\NTI\MEAN Stack\e-commerce final project\E-commerce Backend\server.js:64:10
    at Layer.handleRequest (D:\Interns\NTI\MEAN Stack\e-commerce final project\E-commerce Backend\node_modules\router\lib\layer.js:152:17)
    at trimPrefix (D:\Interns\NTI\MEAN Stack\e-commerce final project\E-commerce Backend\node_modules\router\index.js:342:13)
    at D:\Interns\NTI\MEAN Stack\e-commerce final project\E-commerce Backend\node_modules\router\index.js:297:9
    at processParams (D:\Interns\NTI\MEAN Stack\e-commerce final project\E-commerce Backend\node_modules\router\index.js:582:12)
    at next (D:\Interns\NTI\MEAN Stack\e-commerce final project\E-commerce Backend\node_modules\router\index.js:291:5)
    at SendStream.error (D:\Interns\NTI\MEAN Stack\e-commerce final project\E-commerce Backend\node_modules\serve-static\index.js:120:7)
    at SendStream.emit (node:events:518:28)
    at SendStream.error (D:\Interns\NTI\MEAN Stack\e-commerce final project\E-commerce Backend\node_modules\send\index.js:168:17)
    at SendStream.onStatError (D:\Interns\NTI\MEAN Stack\e-commerce final project\E-commerce Backend\node_modules\send\index.js:315:12)
2025/07/05 17:35:26 | ERROR | Can't find /img/products/NaN on this server
Error: Can't find /img/products/NaN on this server
    at D:\Interns\NTI\MEAN Stack\e-commerce final project\E-commerce Backend\server.js:64:10
    at Layer.handleRequest (D:\Interns\NTI\MEAN Stack\e-commerce final project\E-commerce Backend\node_modules\router\lib\layer.js:152:17)
    at trimPrefix (D:\Interns\NTI\MEAN Stack\e-commerce final project\E-commerce Backend\node_modules\router\index.js:342:13)
    at D:\Interns\NTI\MEAN Stack\e-commerce final project\E-commerce Backend\node_modules\router\index.js:297:9
    at processParams (D:\Interns\NTI\MEAN Stack\e-commerce final project\E-commerce Backend\node_modules\router\index.js:582:12)
    at next (D:\Interns\NTI\MEAN Stack\e-commerce final project\E-commerce Backend\node_modules\router\index.js:291:5)
    at SendStream.error (D:\Interns\NTI\MEAN Stack\e-commerce final project\E-commerce Backend\node_modules\serve-static\index.js:120:7)
    at SendStream.emit (node:events:518:28)
    at SendStream.error (D:\Interns\NTI\MEAN Stack\e-commerce final project\E-commerce Backend\node_modules\send\index.js:168:17)
    at SendStream.onStatError (D:\Interns\NTI\MEAN Stack\e-commerce final project\E-commerce Backend\node_modules\send\index.js:315:12)
2025/07/05 17:57:02 | ERROR | Unexpected field
MulterError: Unexpected field
    at wrappedFileFilter (D:\Interns\NTI\MEAN Stack\e-commerce final project\E-commerce Backend\node_modules\multer\index.js:40:19)
    at Multipart.<anonymous> (D:\Interns\NTI\MEAN Stack\e-commerce final project\E-commerce Backend\node_modules\multer\lib\make-middleware.js:123:7)
    at Multipart.emit (node:events:518:28)
    at HeaderParser.cb (D:\Interns\NTI\MEAN Stack\e-commerce final project\E-commerce Backend\node_modules\busboy\lib\types\multipart.js:358:14)
    at HeaderParser.push (D:\Interns\NTI\MEAN Stack\e-commerce final project\E-commerce Backend\node_modules\busboy\lib\types\multipart.js:162:20)
    at SBMH.ssCb [as _cb] (D:\Interns\NTI\MEAN Stack\e-commerce final project\E-commerce Backend\node_modules\busboy\lib\types\multipart.js:394:37)
    at feed (D:\Interns\NTI\MEAN Stack\e-commerce final project\E-commerce Backend\node_modules\streamsearch\lib\sbmh.js:248:10)
    at SBMH.push (D:\Interns\NTI\MEAN Stack\e-commerce final project\E-commerce Backend\node_modules\streamsearch\lib\sbmh.js:104:16)
    at Multipart._write (D:\Interns\NTI\MEAN Stack\e-commerce final project\E-commerce Backend\node_modules\busboy\lib\types\multipart.js:567:19)
    at writeOrBuffer (node:internal/streams/writable:572:12)
