2025/07/05 15:06:08 | INFO | Server running on port 3001
2025/07/05 15:06:08 | INFO | MongoDB Connected
2025/07/05 15:06:34 | INFO | GetAll | Category | Count: 3
2025/07/05 15:06:41 | INFO | Login | User logged in | ID: 685afced642ebfa46858984c | Email: amradmin@example.com
2025/07/05 15:06:42 | INFO | GetAll | Size | Count: 5
2025/07/05 15:06:42 | INFO | GetAll | Color | Count: 5
2025/07/05 15:06:42 | INFO | GetAll | Category | Count: 3
2025/07/05 15:06:42 | INFO | GetAll | Brand | Count: 5
2025/07/05 15:06:42 | INFO | GetAllProductsAdmin | Retrieved | Count: 3
2025/07/05 17:06:21 | INFO | GetAllProducts | Retrieved | Count: 3
2025/07/05 17:06:29 | INFO | GetAllProducts | Retrieved | Count: 3
2025/07/05 17:06:31 | INFO | GetAllProducts | Retrieved | Count: 3
2025/07/05 17:06:33 | INFO | GetAllProducts | Retrieved | Count: 3
2025/07/05 17:06:36 | INFO | GetAllProducts | Retrieved | Count: 3
2025/07/05 17:07:00 | INFO | Login | User logged in | ID: 685afced642ebfa46858984c | Email: amradmin@example.com
2025/07/05 17:07:02 | INFO | GetAll | Color | Count: 5
2025/07/05 17:07:02 | INFO | GetAll | Size | Count: 5
2025/07/05 17:07:02 | INFO | GetAll | Category | Count: 3
2025/07/05 17:07:02 | INFO | GetAll | Brand | Count: 5
2025/07/05 17:07:02 | INFO | GetAllProductsAdmin | Retrieved | Count: 3
2025/07/05 17:07:03 | INFO | SoftDeleteProduct | Marked as unavailable | ID: 685bc03c06dd260fbf35e892
2025/07/05 17:07:03 | INFO | GetAllProductsAdmin | Retrieved | Count: 3
2025/07/05 17:07:04 | INFO | SoftDeleteProduct | Marked as unavailable | ID: 685bc04f06dd260fbf35e896
2025/07/05 17:07:04 | INFO | GetAllProductsAdmin | Retrieved | Count: 3
2025/07/05 17:07:08 | INFO | GetAllProducts | Retrieved | Count: 1
2025/07/05 17:20:09 | INFO | RestoreProduct | Restored | ID: 685bc04f06dd260fbf35e896
2025/07/05 17:20:09 | INFO | GetAllProductsAdmin | Retrieved | Count: 3
2025/07/05 17:20:10 | INFO | RestoreProduct | Restored | ID: 685bc03c06dd260fbf35e892
2025/07/05 17:20:10 | INFO | GetAllProductsAdmin | Retrieved | Count: 3
2025/07/05 17:20:16 | INFO | GetAllProducts | Retrieved | Count: 3
2025/07/05 17:20:17 | INFO | GetAllProducts | Retrieved | Count: 3
2025/07/05 17:20:18 | INFO | GetAllProducts | Retrieved | Count: 3
2025/07/05 17:20:18 | INFO | GetAllProducts | Retrieved | Count: 3
2025/07/05 17:20:18 | INFO | GetAllProducts | Retrieved | Count: 3
2025/07/05 17:20:18 | INFO | GetAllProducts | Retrieved | Count: 3
2025/07/05 17:20:18 | INFO | GetAllProducts | Retrieved | Count: 3
2025/07/05 17:20:19 | INFO | GetAllProducts | Retrieved | Count: 3
2025/07/05 17:20:19 | INFO | GetAllProducts | Retrieved | Count: 3
2025/07/05 17:20:19 | INFO | GetAllProducts | Retrieved | Count: 3
2025/07/05 17:20:19 | INFO | GetAllProducts | Retrieved | Count: 3
2025/07/05 17:20:19 | INFO | GetAllProducts | Retrieved | Count: 3
2025/07/05 17:20:20 | INFO | GetAllProducts | Retrieved | Count: 3
2025/07/05 17:20:20 | INFO | GetAllProducts | Retrieved | Count: 3
2025/07/05 17:20:20 | INFO | GetAllProducts | Retrieved | Count: 3
2025/07/05 17:20:20 | INFO | GetAllProducts | Retrieved | Count: 3
2025/07/05 17:27:40 | INFO | GetAllProducts | Retrieved | Count: 3
2025/07/05 17:34:01 | INFO | GetAllProducts | Retrieved | Count: 3
2025/07/05 17:35:06 | INFO | GetAllProducts | Retrieved | Count: 3
2025/07/05 17:35:24 | INFO | GetAllProducts | Retrieved | Count: 3
2025/07/05 17:42:37 | INFO | GetAll | Color | Count: 5
2025/07/05 17:42:37 | INFO | GetAll | Size | Count: 5
2025/07/05 17:42:37 | INFO | GetAll | Category | Count: 3
2025/07/05 17:42:37 | INFO | GetAll | Brand | Count: 5
2025/07/05 17:42:37 | INFO | GetAllProductsAdmin | Retrieved | Count: 3
2025/07/05 17:42:37 | INFO | SoftDeleteProduct | Marked as unavailable | ID: 685bc04f06dd260fbf35e896
2025/07/05 17:42:37 | INFO | GetAllProductsAdmin | Retrieved | Count: 3
2025/07/05 17:42:39 | INFO | SoftDeleteProduct | Marked as unavailable | ID: 685bc03c06dd260fbf35e892
2025/07/05 17:42:39 | INFO | GetAllProductsAdmin | Retrieved | Count: 3
2025/07/05 17:42:40 | INFO | SoftDeleteProduct | Marked as unavailable | ID: 6867d76e77edee863eb816dc
2025/07/05 17:42:40 | INFO | GetAllProductsAdmin | Retrieved | Count: 3
2025/07/05 17:42:44 | INFO | GetAllProducts | Retrieved | Count: 0
2025/07/05 17:43:26 | INFO | GetAll | Brand | Count: 5
2025/07/05 17:43:27 | INFO | SoftDeleteOne | Brand | Soft deleted | ID: 685b04425ce75f6cb2551b54
2025/07/05 17:43:27 | INFO | GetAll | Brand | Count: 5
2025/07/05 17:43:30 | INFO | SoftDeleteOne | Brand | Soft deleted | ID: 685b05095ce75f6cb2551b5a
2025/07/05 17:43:30 | INFO | GetAll | Brand | Count: 5
2025/07/05 17:43:32 | INFO | SoftDeleteOne | Brand | Soft deleted | ID: 685bd006886f0239227cd1a1
2025/07/05 17:43:32 | INFO | GetAll | Brand | Count: 5
2025/07/05 17:43:33 | INFO | SoftDeleteOne | Brand | Soft deleted | ID: 6866adafa3799a24c75d5c84
2025/07/05 17:43:33 | INFO | GetAll | Brand | Count: 5
2025/07/05 17:43:35 | INFO | SoftDeleteOne | Brand | Soft deleted | ID: 6866b868a3799a24c75d5cd9
2025/07/05 17:43:35 | INFO | GetAll | Brand | Count: 5
2025/07/05 17:43:38 | INFO | CreateOne | Brand | Created | ID: 68693a1a14a6cf0ad32d91d7
2025/07/05 17:43:38 | INFO | GetAll | Brand | Count: 6
2025/07/05 17:43:44 | INFO | GetAll | Size | Count: 5
2025/07/05 17:43:47 | INFO | GetAll | Color | Count: 5
2025/07/05 17:43:48 | INFO | SoftDeleteOne | Color | Soft deleted | ID: 685b05355ce75f6cb2551b63
2025/07/05 17:43:48 | INFO | GetAll | Color | Count: 5
2025/07/05 17:43:49 | INFO | SoftDeleteOne | Color | Soft deleted | ID: 68668fa5d2b428654096d4c8
2025/07/05 17:43:49 | INFO | GetAll | Color | Count: 5
2025/07/05 17:43:50 | INFO | SoftDeleteOne | Color | Soft deleted | ID: 68668ff5d2b428654096d4d2
2025/07/05 17:43:50 | INFO | GetAll | Color | Count: 5
2025/07/05 17:43:51 | INFO | SoftDeleteOne | Color | Soft deleted | ID: 68669e7ca3799a24c75d5b88
2025/07/05 17:43:51 | INFO | GetAll | Color | Count: 5
2025/07/05 17:43:52 | INFO | SoftDeleteOne | Color | Soft deleted | ID: 6866add7a3799a24c75d5c90
2025/07/05 17:43:52 | INFO | GetAll | Color | Count: 5
2025/07/05 17:44:36 | INFO | GetAll | Size | Count: 5
2025/07/05 17:44:57 | INFO | CreateOne | Size | Created | ID: 68693a6914a6cf0ad32d91ed
2025/07/05 17:44:57 | INFO | GetAll | Size | Count: 6
2025/07/05 17:45:03 | INFO | CreateOne | Size | Created | ID: 68693a6f14a6cf0ad32d91f1
2025/07/05 17:45:03 | INFO | GetAll | Size | Count: 7
2025/07/05 17:45:09 | INFO | GetAll | Color | Count: 5
2025/07/05 17:45:10 | INFO | RestoreOne | Color | Restored | ID: 68668fa5d2b428654096d4c8
2025/07/05 17:45:10 | INFO | GetAll | Color | Count: 5
2025/07/05 17:45:17 | INFO | UpdateOne | Color | Updated | ID: 68668fa5d2b428654096d4c8
2025/07/05 17:45:17 | INFO | GetAll | Color | Count: 5
2025/07/05 17:47:10 | INFO | GetAll | Color | Count: 5
2025/07/05 17:47:10 | INFO | GetAll | Size | Count: 7
2025/07/05 17:47:10 | INFO | GetAll | Category | Count: 3
2025/07/05 17:47:10 | INFO | GetAll | Brand | Count: 6
2025/07/05 17:47:10 | INFO | GetAllProductsAdmin | Retrieved | Count: 3
2025/07/05 17:49:14 | INFO | CreateProduct | Created successfully | ID: 68693b6a14a6cf0ad32d9209
2025/07/05 17:49:14 | INFO | GetAllProductsAdmin | Retrieved | Count: 4
2025/07/05 17:49:23 | INFO | UpdateProduct | Updated | ID: 68693b6a14a6cf0ad32d9209
2025/07/05 17:49:23 | INFO | GetAllProductsAdmin | Retrieved | Count: 4
2025/07/05 17:49:28 | INFO | GetAllProducts | Retrieved | Count: 1
2025/07/05 17:50:25 | INFO | GetAllProducts | Retrieved | Count: 1
2025/07/05 17:55:55 | INFO | GetAll | Color | Count: 5
2025/07/05 17:55:55 | INFO | GetAll | Size | Count: 7
2025/07/05 17:55:55 | INFO | GetAll | Category | Count: 3
2025/07/05 17:55:55 | INFO | GetAll | Brand | Count: 6
2025/07/05 17:55:55 | INFO | GetAllProductsAdmin | Retrieved | Count: 4
2025/07/05 17:55:57 | INFO | GetAll | Color | Count: 5
2025/07/05 17:55:57 | INFO | GetAll | Size | Count: 7
2025/07/05 17:55:57 | INFO | GetAll | Category | Count: 3
2025/07/05 17:55:57 | INFO | GetAll | Brand | Count: 6
2025/07/05 17:55:57 | INFO | GetAllProductsAdmin | Retrieved | Count: 4
2025/07/05 17:56:32 | INFO | GetAll | Color | Count: 5
2025/07/05 17:56:32 | INFO | GetAll | Category | Count: 3
2025/07/05 17:56:32 | INFO | GetAll | Size | Count: 7
2025/07/05 17:56:32 | INFO | GetAll | Brand | Count: 6
2025/07/05 17:56:32 | INFO | GetAllProductsAdmin | Retrieved | Count: 4
2025/07/05 17:56:32 | INFO | GetAllProductsAdmin | Retrieved | Count: 4
2025/07/05 17:56:32 | INFO | GetAll | Color | Count: 5
2025/07/05 17:56:32 | INFO | GetAll | Size | Count: 7
2025/07/05 17:56:32 | INFO | GetAll | Category | Count: 3
2025/07/05 17:56:32 | INFO | GetAll | Brand | Count: 6
2025/07/05 17:58:11 | INFO | Server running on port 3001
2025/07/05 17:58:11 | INFO | MongoDB Connected
2025/07/05 17:58:14 | INFO | UpdateProduct | Updated | ID: 68693b6a14a6cf0ad32d9209
2025/07/05 17:58:14 | INFO | GetAllProductsAdmin | Retrieved | Count: 4
2025/07/05 17:58:56 | INFO | UpdateProduct | Updated | ID: 68693b6a14a6cf0ad32d9209
2025/07/05 17:58:56 | INFO | GetAllProductsAdmin | Retrieved | Count: 4
2025/07/05 17:59:12 | INFO | UpdateProduct | Updated | ID: 68693b6a14a6cf0ad32d9209
2025/07/05 17:59:12 | INFO | GetAllProductsAdmin | Retrieved | Count: 4
2025/07/05 17:59:16 | INFO | GetAllProducts | Retrieved | Count: 1
2025/07/05 18:02:06 | INFO | GetAllProducts | Retrieved | Count: 1
2025/07/05 18:04:04 | INFO | GetAllProducts | Retrieved | Count: 1
2025/07/05 18:04:16 | INFO | GetAllProducts | Retrieved | Count: 1
2025/07/05 18:04:26 | INFO | GetAll | Color | Count: 5
2025/07/05 18:04:26 | INFO | GetAll | Size | Count: 7
2025/07/05 18:04:26 | INFO | GetAllProductsAdmin | Retrieved | Count: 4
2025/07/05 18:04:26 | INFO | GetAll | Brand | Count: 6
2025/07/05 18:04:26 | INFO | GetAll | Category | Count: 3
2025/07/05 18:04:53 | INFO | GetAll | Size | Count: 7
2025/07/05 18:04:53 | INFO | GetAll | Color | Count: 5
2025/07/05 18:04:53 | INFO | GetAll | Category | Count: 3
2025/07/05 18:04:53 | INFO | GetAll | Brand | Count: 6
2025/07/05 18:04:53 | INFO | GetAllProductsAdmin | Retrieved | Count: 4
2025/07/05 18:05:15 | INFO | GetAll | Color | Count: 5
2025/07/05 18:05:15 | INFO | GetAll | Size | Count: 7
2025/07/05 18:05:15 | INFO | GetAll | Category | Count: 3
2025/07/05 18:05:15 | INFO | GetAll | Brand | Count: 6
2025/07/05 18:05:15 | INFO | GetAllProductsAdmin | Retrieved | Count: 4
2025/07/05 18:05:39 | INFO | GetAll | Color | Count: 5
2025/07/05 18:05:39 | INFO | GetAll | Size | Count: 7
2025/07/05 18:05:39 | INFO | GetAll | Category | Count: 3
2025/07/05 18:05:39 | INFO | GetAll | Brand | Count: 6
2025/07/05 18:05:39 | INFO | GetAllProductsAdmin | Retrieved | Count: 4
2025/07/05 18:06:48 | INFO | Server running on port 3001
2025/07/05 18:06:48 | INFO | MongoDB Connected
2025/07/05 18:06:49 | INFO | Server running on port 3001
2025/07/05 18:06:49 | INFO | MongoDB Connected
2025/07/05 18:07:09 | INFO | Server running on port 3001
2025/07/05 18:07:09 | INFO | MongoDB Connected
2025/07/05 18:07:18 | INFO | Server running on port 3001
2025/07/05 18:07:18 | INFO | MongoDB Connected
2025/07/05 18:08:23 | INFO | Server running on port 3001
2025/07/05 18:08:23 | INFO | MongoDB Connected
2025/07/05 18:08:26 | INFO | Server running on port 3001
2025/07/05 18:08:26 | INFO | MongoDB Connected
2025/07/05 18:08:30 | INFO | Server running on port 3001
2025/07/05 18:08:30 | INFO | MongoDB Connected
2025/07/05 18:10:00 | INFO | GetAll | Size | Count: 7
2025/07/05 18:10:00 | INFO | GetAll | Color | Count: 5
2025/07/05 18:10:00 | INFO | GetAll | Category | Count: 3
2025/07/05 18:10:00 | INFO | GetAll | Brand | Count: 6
2025/07/05 18:10:02 | INFO | GetAll | Color | Count: 5
2025/07/05 18:10:02 | INFO | GetAll | Size | Count: 7
2025/07/05 18:10:02 | INFO | GetAll | Category | Count: 3
2025/07/05 18:10:02 | INFO | GetAll | Brand | Count: 6
2025/07/05 18:10:13 | INFO | Login | User logged in | ID: 685afced642ebfa46858984c | Email: amradmin@example.com
2025/07/05 18:10:15 | INFO | GetAll | Color | Count: 5
2025/07/05 18:10:15 | INFO | GetAll | Size | Count: 7
2025/07/05 18:10:15 | INFO | GetAll | Category | Count: 3
2025/07/05 18:10:15 | INFO | GetAll | Brand | Count: 6
2025/07/05 18:10:15 | INFO | GetAllProductsAdmin | Retrieved | Count: 4
2025/07/05 18:10:18 | INFO | GetAll | Color | Count: 5
2025/07/05 18:10:18 | INFO | GetAll | Size | Count: 7
2025/07/05 18:10:18 | INFO | GetAll | Category | Count: 3
2025/07/05 18:10:18 | INFO | GetAll | Brand | Count: 6
2025/07/05 18:10:18 | INFO | GetAllProductsAdmin | Retrieved | Count: 4
2025/07/05 18:10:25 | INFO | UpdateProduct | Deleted image file: 1751727552155-803759838.jpg
2025/07/05 18:10:25 | INFO | UpdateProduct | Deleted image file: 1751727552155-119356086.jpg
2025/07/05 18:10:25 | INFO | UpdateProduct | Deleted image file: 1751727552155-720101509.jpg
2025/07/05 18:10:25 | INFO | UpdateProduct | Updated successfully | ID: 68693b6a14a6cf0ad32d9209
2025/07/05 18:10:25 | INFO | GetAllProductsAdmin | Retrieved | Count: 4
2025/07/05 18:10:37 | INFO | UpdateProduct | Updated successfully | ID: 68693b6a14a6cf0ad32d9209
2025/07/05 18:10:37 | INFO | GetAllProductsAdmin | Retrieved | Count: 4
2025/07/05 18:10:44 | INFO | UpdateProduct | Deleted image file: 1751727552154-793342592.jpg
2025/07/05 18:10:44 | INFO | UpdateProduct | Deleted image file: 1751727552154-196720262.jpg
2025/07/05 18:10:44 | INFO | UpdateProduct | Deleted image file: 1751727552156-697762022.jpg
2025/07/05 18:10:44 | INFO | UpdateProduct | Deleted image file: 1751727552157-893473907.jpg
2025/07/05 18:10:44 | INFO | UpdateProduct | Deleted image file: 1751727552156-41526157.jpg
2025/07/05 18:10:44 | INFO | UpdateProduct | Deleted image file: 1751727552158-988860139.jpg
2025/07/05 18:10:44 | INFO | UpdateProduct | Deleted image file: 1751727552159-370589606.jpg
2025/07/05 18:10:44 | INFO | UpdateProduct | Deleted image file: 1751727552159-300666730.jpg
2025/07/05 18:10:44 | INFO | UpdateProduct | Deleted image file: 1751728237277-993986514.jpg
2025/07/05 18:10:44 | INFO | UpdateProduct | Deleted image file: 1751728237278-465416232.jpg
2025/07/05 18:10:44 | INFO | UpdateProduct | Updated successfully | ID: 68693b6a14a6cf0ad32d9209
2025/07/05 18:10:44 | INFO | GetAllProductsAdmin | Retrieved | Count: 4
2025/07/05 18:10:48 | INFO | GetAllProducts | Retrieved | Count: 1
2025/07/05 18:10:48 | INFO | GetAllProducts | Retrieved | Count: 1
2025/07/05 18:15:13 | INFO | Server running on port 3001
2025/07/05 18:15:13 | INFO | MongoDB Connected
2025/07/05 18:15:34 | INFO | Server running on port 3001
2025/07/05 18:15:34 | INFO | MongoDB Connected
2025/07/05 18:15:55 | INFO | GetAll | Color | Count: 5
2025/07/05 18:15:55 | INFO | GetAll | Size | Count: 7
2025/07/05 18:15:55 | INFO | GetAll | Category | Count: 3
2025/07/05 18:15:55 | INFO | GetAllProductsAdmin | Retrieved | Count: 4
2025/07/05 18:15:55 | INFO | GetAll | Brand | Count: 6
2025/07/05 18:15:55 | INFO | GetAll | Color | Count: 5
2025/07/05 18:15:55 | INFO | GetAll | Size | Count: 7
2025/07/05 18:15:55 | INFO | GetAll | Category | Count: 3
2025/07/05 18:15:55 | INFO | GetAll | Brand | Count: 6
2025/07/05 18:15:55 | INFO | GetAllProductsAdmin | Retrieved | Count: 4
2025/07/05 18:15:55 | INFO | GetAllProductsAdmin | Retrieved | Count: 4
2025/07/05 18:15:55 | INFO | GetAll | Color | Count: 5
2025/07/05 18:15:55 | INFO | GetAll | Size | Count: 7
2025/07/05 18:15:55 | INFO | GetAll | Category | Count: 3
2025/07/05 18:15:55 | INFO | GetAll | Brand | Count: 6
2025/07/05 18:18:39 | INFO | Server running on port 3001
2025/07/05 18:18:39 | INFO | MongoDB Connected
2025/07/05 18:18:42 | INFO | Server running on port 3001
2025/07/05 18:18:42 | INFO | MongoDB Connected
2025/07/05 18:18:50 | INFO | GetAll | Color | Count: 5
2025/07/05 18:18:50 | INFO | GetAll | Size | Count: 7
2025/07/05 18:18:50 | INFO | GetAll | Category | Count: 3
2025/07/05 18:18:50 | INFO | GetAll | Brand | Count: 6
2025/07/05 18:18:50 | INFO | GetAllProductsAdmin | Retrieved | Count: 4
2025/07/05 18:19:09 | INFO | UpdateProduct | Updated successfully | ID: 68693b6a14a6cf0ad32d9209
2025/07/05 18:19:09 | INFO | GetAllProductsAdmin | Retrieved | Count: 4
2025/07/05 18:19:14 | INFO | UpdateProduct | Updated successfully | ID: 68693b6a14a6cf0ad32d9209
2025/07/05 18:19:14 | INFO | GetAllProductsAdmin | Retrieved | Count: 4
2025/07/05 18:19:19 | INFO | UpdateProduct | Updated successfully | ID: 68693b6a14a6cf0ad32d9209
2025/07/05 18:19:19 | INFO | GetAllProductsAdmin | Retrieved | Count: 4
2025/07/05 18:22:05 | INFO | Server running on port 3001
2025/07/05 18:22:05 | INFO | MongoDB Connected
2025/07/05 18:22:10 | INFO | GetAll | Color | Count: 5
2025/07/05 18:22:10 | INFO | GetAll | Size | Count: 7
2025/07/05 18:22:10 | INFO | GetAll | Category | Count: 3
2025/07/05 18:22:10 | INFO | GetAllProductsAdmin | Retrieved | Count: 4
2025/07/05 18:22:10 | INFO | GetAll | Brand | Count: 6
2025/07/05 18:22:13 | INFO | UpdateProduct | Updated successfully | ID: 68693b6a14a6cf0ad32d9209
2025/07/05 18:22:13 | INFO | GetAllProductsAdmin | Retrieved | Count: 4
2025/07/05 18:24:02 | INFO | UpdateProduct | Updated successfully | ID: 68693b6a14a6cf0ad32d9209
2025/07/05 18:24:02 | INFO | GetAllProductsAdmin | Retrieved | Count: 4
2025/07/05 18:24:06 | INFO | GetAllProducts | Retrieved | Count: 1
2025/07/05 18:24:22 | INFO | UpdateProduct | Updated successfully | ID: 68693b6a14a6cf0ad32d9209
2025/07/05 18:24:22 | INFO | GetAllProductsAdmin | Retrieved | Count: 4
2025/07/05 18:24:26 | INFO | GetAllProducts | Retrieved | Count: 1
2025/07/05 18:27:52 | INFO | CreateProduct | Created successfully | ID: 68694478316fd34a2a4765bf
2025/07/05 18:27:52 | INFO | GetAllProductsAdmin | Retrieved | Count: 5
2025/07/05 18:27:55 | INFO | GetAllProducts | Retrieved | Count: 2
2025/07/05 18:28:01 | INFO | GetAllProducts | Retrieved | Count: 2
2025/07/05 18:28:52 | INFO | GetAllProducts | Retrieved | Count: 2
2025/07/05 18:28:54 | INFO | GetAllProducts | Retrieved | Count: 2
2025/07/05 18:28:57 | INFO | GetAllProducts | Retrieved | Count: 2
2025/07/05 18:29:23 | INFO | Server running on port 3001
2025/07/05 18:29:23 | INFO | MongoDB Connected
2025/07/05 18:29:24 | INFO | Server running on port 3001
2025/07/05 18:29:24 | INFO | MongoDB Connected
2025/07/05 18:29:26 | INFO | Server running on port 3001
2025/07/05 18:29:26 | INFO | MongoDB Connected
2025/07/05 18:29:28 | INFO | Server running on port 3001
2025/07/05 18:29:28 | INFO | MongoDB Connected
2025/07/05 18:29:29 | INFO | Server running on port 3001
2025/07/05 18:29:29 | INFO | MongoDB Connected
2025/07/05 18:29:32 | INFO | Server running on port 3001
2025/07/05 18:29:32 | INFO | MongoDB Connected
2025/07/05 18:30:15 | INFO | Server running on port 3001
2025/07/05 18:30:15 | INFO | MongoDB Connected
2025/07/05 18:30:16 | INFO | Server running on port 3001
2025/07/05 18:30:16 | INFO | MongoDB Connected
2025/07/05 18:30:23 | INFO | Server running on port 3001
2025/07/05 18:30:23 | INFO | MongoDB Connected
2025/07/05 18:30:24 | INFO | Server running on port 3001
2025/07/05 18:30:24 | INFO | MongoDB Connected
2025/07/05 18:30:32 | INFO | Server running on port 3001
2025/07/05 18:30:32 | INFO | MongoDB Connected
